[2026-03-24 18:45:14] === LOOP STARTING ===
[2026-03-24 18:45:14] Working directory: /home/user/go/src/github.com/opd-ai/mtox
[2026-03-24 18:45:14] Prompt directory:  /home/user/go/src/github.com/opd-ai/go-stats-generator
[2026-03-24 18:45:14] Max iterations:    50
[2026-03-24 18:45:14] --- Initialization ---
[2026-03-24 18:45:14] AUDIT.md not found — delegating BASE_AUDIT.md...
[2026-03-24 18:45:14] Delegating: BASE_AUDIT.md
[2026-03-24 18:49:27] Delegation complete: BASE_AUDIT.md (exit code: 141)
[2026-03-24 18:49:27] AUDIT.md created successfully.
[2026-03-24 18:49:27] PLAN.md not found — delegating MAKE_PLAN.md...
[2026-03-24 18:49:27] Delegating: MAKE_PLAN.md
[2026-03-24 18:52:39] Delegation complete: MAKE_PLAN.md (exit code: 141)
[2026-03-24 18:52:39] PLAN.md created successfully.
[2026-03-24 18:52:39] --- Entering main loop (max 50 iterations) ---
[2026-03-24 18:52:39] 
[2026-03-24 18:52:39] === Iteration 1 / 50 ===
[2026-03-24 18:52:39] Step A: Executing next task...
[2026-03-24 18:52:39] Delegating: EXECUTE.md
[2026-03-24 19:01:47] Delegation complete: EXECUTE.md (exit code: 141)
[2026-03-24 19:01:47] WARNING: EXECUTE.md delegation returned non-zero.
[2026-03-24 19:01:47] Step B: Running tests...
[2026-03-24 19:01:47] Running tests...
[2026-03-24 19:01:49] Tests PASSED
[2026-03-24 19:01:49] [iteration 1] executed EXECUTE.md — tests: PASS
[2026-03-24 19:01:49] Backlog is empty (AUDIT.md and PLAN.md absent/empty).
[2026-03-24 19:01:49] Running tests...
[2026-03-24 19:01:51] Tests PASSED
[2026-03-24 19:01:51] 
[2026-03-24 19:01:51] === LOOP COMPLETE ===
[2026-03-24 19:01:51] Iterations: 1
[2026-03-24 19:01:51] Tasks executed: 1
[2026-03-24 19:01:51] Test failures encountered: 0
[2026-03-24 19:01:51] Final test status: PASS
[2026-03-24 19:16:29] === LOOP STARTING ===
[2026-03-24 19:16:29] Working directory: /home/user/go/src/github.com/opd-ai/mtox
[2026-03-24 19:16:29] Prompt directory:  /home/user/go/src/github.com/opd-ai/go-stats-generator
[2026-03-24 19:16:29] Max iterations:    50
[2026-03-24 19:16:29] --- Initialization ---
[2026-03-24 19:16:29] AUDIT.md not found — delegating BASE_AUDIT.md...
[2026-03-24 19:16:29] Delegating: BASE_AUDIT.md
[2026-03-24 19:20:25] Delegation complete: BASE_AUDIT.md (exit code: 141)
[2026-03-24 19:20:25] AUDIT.md created successfully.
[2026-03-24 19:20:25] PLAN.md not found — delegating MAKE_PLAN.md...
[2026-03-24 19:20:25] Delegating: MAKE_PLAN.md
[2026-03-24 19:23:21] Delegation complete: MAKE_PLAN.md (exit code: 141)
[2026-03-24 19:23:21] PLAN.md created successfully.
[2026-03-24 19:23:21] --- Entering main loop (max 50 iterations) ---
[2026-03-24 19:23:21] 
[2026-03-24 19:23:21] === Iteration 1 / 50 ===
[2026-03-24 19:23:21] Step A: Executing next task...
[2026-03-24 19:23:21] Delegating: EXECUTE.md
[2026-03-24 19:44:37] Delegation complete: EXECUTE.md (exit code: 141)
[2026-03-24 19:44:37] WARNING: EXECUTE.md delegation returned non-zero.
[2026-03-24 19:44:37] Step B: Running tests...
[2026-03-24 19:44:37] Running tests...
[2026-03-24 19:44:39] Tests PASSED
[2026-03-24 19:44:39] [iteration 1] executed EXECUTE.md — tests: PASS
[2026-03-24 19:44:39] 
[2026-03-24 19:44:39] === Iteration 2 / 50 ===
[2026-03-24 19:44:39] Step A: Executing next task...
[2026-03-24 19:44:39] Delegating: EXECUTE.md
[2026-03-24 19:51:41] Delegation complete: EXECUTE.md (exit code: 141)
[2026-03-24 19:51:41] WARNING: EXECUTE.md delegation returned non-zero.
[2026-03-24 19:51:41] Step B: Running tests...
[2026-03-24 19:51:41] Running tests...
[2026-03-24 19:51:42] Tests PASSED
[2026-03-24 19:51:42] [iteration 2] executed EXECUTE.md — tests: PASS
[2026-03-24 19:51:42] 
[2026-03-24 19:51:42] === Iteration 3 / 50 ===
[2026-03-24 19:51:42] Step A: Executing next task...
[2026-03-24 19:51:42] Delegating: EXECUTE.md
[2026-03-24 20:02:12] Delegation complete: EXECUTE.md (exit code: 141)
[2026-03-24 20:02:12] WARNING: EXECUTE.md delegation returned non-zero.
[2026-03-24 20:02:12] Step B: Running tests...
[2026-03-24 20:02:12] Running tests...
[2026-03-24 20:02:13] Tests PASSED
[2026-03-24 20:02:13] [iteration 3] executed EXECUTE.md — tests: PASS
[2026-03-24 20:02:13] Step C: Periodic maintenance check (iteration 3)...
[2026-03-24 20:02:14] Complexity violations found: 250 functions exceed thresholds
[2026-03-24 20:02:14]   Complexity violations detected — delegating BREAKDOWN.md...
[2026-03-24 20:02:14] Delegating: BREAKDOWN.md
